{"C:\\Users\\Joshua\\Coding_Projects\\Budget_App\\budget-app\\src\\App.tsx": {"path":"C:\\Users\\Joshua\\Coding_Projects\\Budget_App\\budget-app\\src\\App.tsx","statementMap":{"0":{"start":{"line":2,"column":0},"end":{"line":2,"column":19}},"1":{"start":{"line":5,"column":2},"end":{"line":5,"column":51}},"2":{"start":{"line":8,"column":0},"end":{"line":8,"column":19}}},"fnMap":{"0":{"name":"App","decl":{"start":{"line":4,"column":9},"end":{"line":4,"column":12}},"loc":{"start":{"line":4,"column":12},"end":{"line":6,"column":1}}}},"branchMap":{},"s":{"0":1,"1":1,"2":1},"f":{"0":1},"b":{}}
}
